action: lint, msg: envreport
cwd: /home/robert/Documents/PythonCode/hcga
cmd: /home/robert/Documents/PythonCode/hcga/.tox/lint/bin/python -m pip freeze
astroid==2.1.0
click==7.1.2
cycler==0.10.0
decorator==4.4.2
fa2==0.3.5
hcga @ file:///home/robert/Documents/PythonCode/hcga/.tox/.tmp/package/1/hcga-1.0.0.zip
isort==4.3.21
joblib==0.15.1
kiwisolver==1.2.0
lazy-object-proxy==1.5.0
lightgbm==2.3.1
matplotlib==3.2.1
mccabe==0.6.1
networkx==2.4
numpy==1.18.5
pandas==1.0.4
pycodestyle==2.6.0
pylint==2.2.2
pyparsing==2.4.7
python-dateutil==2.8.1
pytz==2020.1
scikit-learn==0.23.1
scipy==1.4.1
seaborn==0.10.1
shap==0.35.0
six==1.15.0
threadpoolctl==2.1.0
tqdm==4.46.1
wget==3.2
wrapt==1.12.1
