action: py37, msg: envreport
cwd: /home/robert/Documents/PythonCode/hcga
cmd: /home/robert/Documents/PythonCode/hcga/.tox/py37/bin/python -m pip freeze
attrs==19.3.0
click==7.1.2
cycler==0.10.0
decorator==4.4.2
fa2==0.3.5
hcga @ file:///home/robert/Documents/PythonCode/hcga/.tox/.tmp/package/1/hcga-1.0.0.zip
importlib-metadata==1.6.1
joblib==0.15.1
kiwisolver==1.2.0
lightgbm==2.3.1
matplotlib==3.2.1
mock==4.0.2
more-itertools==8.3.0
networkx==2.4
numpy==1.18.5
packaging==20.4
pandas==1.0.4
pluggy==0.13.1
py==1.8.1
pyparsing==2.4.7
pytest==5.4.3
python-dateutil==2.8.1
pytz==2020.1
scikit-learn==0.23.1
scipy==1.4.1
seaborn==0.10.1
shap==0.35.0
six==1.15.0
threadpoolctl==2.1.0
tqdm==4.46.1
wcwidth==0.2.4
wget==3.2
zipp==3.1.0
