action: docs, msg: envreport
cwd: /home/robert/Documents/PythonCode/hcga
cmd: /home/robert/Documents/PythonCode/hcga/.tox/docs/bin/python -m pip freeze
alabaster==0.7.12
Babel==2.8.0
certifi==2020.4.5.2
chardet==3.0.4
click==7.1.2
cycler==0.10.0
decorator==4.4.2
docutils==0.16
fa2==0.3.5
hcga @ file:///home/robert/Documents/PythonCode/hcga/.tox/.tmp/package/1/hcga-1.0.0.zip
idna==2.9
imagesize==1.2.0
Jinja2==2.11.2
joblib==0.15.1
kiwisolver==1.2.0
lightgbm==2.3.1
MarkupSafe==1.1.1
matplotlib==3.2.1
networkx==2.4
numpy==1.18.5
packaging==20.4
pandas==1.0.4
Pygments==2.6.1
pyparsing==2.4.7
python-dateutil==2.8.1
pytz==2020.1
requests==2.23.0
scikit-learn==0.23.1
scipy==1.4.1
seaborn==0.10.1
shap==0.35.0
six==1.15.0
snowballstemmer==2.0.0
Sphinx==3.1.0
sphinxcontrib-applehelp==1.0.2
sphinxcontrib-devhelp==1.0.2
sphinxcontrib-htmlhelp==1.0.3
sphinxcontrib-jsmath==1.0.1
sphinxcontrib-qthelp==1.0.3
sphinxcontrib-serializinghtml==1.1.4
threadpoolctl==2.1.0
tqdm==4.46.1
urllib3==1.25.9
wget==3.2
